<?xml version="1.0" encoding="UTF-8"?>
<!-- Generated by org.testng.reporters.JUnitReportReporter -->
<testsuite hostname="DESKTOP-UHQR9T6" failures="0" tests="1" name="marathonTestCase.AmazonTestCase" time="38.425" errors="0" timestamp="2023-06-06T09:23:46 IST" skipped="0">
  <testcase classname="marathonTestCase.AmazonTestCase" name="amazonTest" time="38.425"/>
  <system-out/>
</testsuite> <!-- marathonTestCase.AmazonTestCase -->
