<?xml version="1.0" encoding="UTF-8"?>
<!-- Generated by org.testng.reporters.JUnitReportReporter -->
<testsuite hostname="DESKTOP-UHQR9T6" failures="0" tests="1" name="marathonTestCase.PVRCinemasTestCase" time="0.000" errors="0" timestamp="2023-06-02T15:50:15 IST" skipped="1">
  <testcase classname="marathonTestCase.PVRCinemasTestCase" name="pvrticket" time="0.000">
    <skipped/>
  </testcase> <!-- pvrticket -->
  <system-out/>
</testsuite> <!-- marathonTestCase.PVRCinemasTestCase -->
