<?xml version="1.0" encoding="UTF-8"?>
<!-- Generated by org.testng.reporters.JUnitReportReporter -->
<testsuite hostname="DESKTOP-UHQR9T6" failures="0" tests="1" name="marathonTestCase.AbhiBusBuyTicketTestCase" time="15.664" errors="0" timestamp="2023-06-05T20:45:52 IST" skipped="0">
  <testcase classname="marathonTestCase.AbhiBusBuyTicketTestCase" name="AbhiBusTicketProcess" time="15.664"/>
  <system-out/>
</testsuite> <!-- marathonTestCase.AbhiBusBuyTicketTestCase -->
