<?xml version="1.0" encoding="UTF-8"?>
<!-- Generated by org.testng.reporters.JUnitReportReporter -->
<testsuite hostname="DESKTOP-UHQR9T6" failures="0" tests="1" name="marathonTestCase.PVRCinemasTestCase" time="22.046" errors="0" timestamp="2023-06-05T21:34:29 IST" skipped="0">
  <testcase classname="marathonTestCase.PVRCinemasTestCase" name="PvrTicket" time="22.046"/>
  <system-out/>
</testsuite> <!-- marathonTestCase.PVRCinemasTestCase -->
