<?xml version="1.0" encoding="UTF-8"?>
<!-- Generated by org.testng.reporters.JUnitReportReporter -->
<testsuite hostname="DESKTOP-UHQR9T6" failures="0" tests="1" name="marathonTestCase.AmazonTestCase" time="36.489" errors="0" timestamp="2023-06-05T21:34:29 IST" skipped="0">
  <testcase classname="marathonTestCase.AmazonTestCase" name="amazonTest" time="36.489"/>
  <system-out/>
</testsuite> <!-- marathonTestCase.AmazonTestCase -->
